<?xml version="1.0" encoding="UTF-8"?>
<!-- Generated by org.testng.reporters.JUnitReportReporter -->
<testsuite hostname="K531LTRV" failures="0" tests="3" name="com.ust.testcases.mattresses.MattressCompareTest" time="29.908" errors="0" timestamp="2024-06-25T23:14:18 IST" skipped="0">
  <testcase classname="com.ust.testcases.mattresses.MattressCompareTest" name="navigateToMattressComparisonPage" time="21.637"/>
  <testcase classname="com.ust.testcases.mattresses.MattressCompareTest" name="verifySelectingMattresses2" time="4.737"/>
  <testcase classname="com.ust.testcases.mattresses.MattressCompareTest" name="verifySelectingMattresses1" time="3.534"/>
</testsuite> <!-- com.ust.testcases.mattresses.MattressCompareTest -->
