<?xml version="1.0" encoding="UTF-8"?>
<!-- Generated by org.testng.reporters.JUnitReportReporter -->
<testsuite hostname="K531LTRV" failures="0" tests="2" name="com.ust.testcases.account.MyProfileTest" time="33.709" errors="0" timestamp="2024-06-25T23:14:18 IST" skipped="0">
  <testcase classname="com.ust.testcases.account.MyProfileTest" name="verifyMyProfile" time="30.368"/>
  <testcase classname="com.ust.testcases.account.MyProfileTest" name="verifyMyProfileLoggedIn" time="3.341"/>
</testsuite> <!-- com.ust.testcases.account.MyProfileTest -->
