<?xml version="1.0" encoding="UTF-8"?>
<!-- Generated by org.testng.reporters.JUnitReportReporter -->
<testsuite hostname="K531LTRV" failures="0" tests="2" name="com.ust.testcases.SearchTest" time="14.370" errors="0" timestamp="2024-06-10T00:36:42 IST" skipped="0">
  <testcase classname="com.ust.testcases.SearchTest" name="verifyBlank" time="10.083"/>
  <testcase classname="com.ust.testcases.SearchTest" name="verifySearchResult" time="4.287"/>
</testsuite> <!-- com.ust.testcases.SearchTest -->
