<?xml version="1.0" encoding="UTF-8"?>
<!-- Generated by org.testng.reporters.JUnitReportReporter -->
<testsuite hostname="K531LTRV" failures="0" tests="3" name="com.ust.testcases.ContactUsTest" time="18.794" errors="0" timestamp="2024-06-07T12:00:18 IST" skipped="0">
  <testcase classname="com.ust.testcases.ContactUsTest" name="setUp" time="14.959"/>
  <testcase classname="com.ust.testcases.ContactUsTest" name="verifyBlank" time="0.031"/>
  <testcase classname="com.ust.testcases.ContactUsTest" name="verifyDetailsSubmission" time="3.804"/>
</testsuite> <!-- com.ust.testcases.ContactUsTest -->
