<?xml version="1.0" encoding="UTF-8"?>
<!-- Generated by org.testng.reporters.JUnitReportReporter -->
<testsuite hostname="K531LTRV" failures="0" tests="2" name="com.ust.testcases.BedsetDropDownTest" time="21.685" errors="0" timestamp="2024-06-11T14:23:50 IST" skipped="0">
  <testcase classname="com.ust.testcases.BedsetDropDownTest" name="verifyMattressDropdownClicking" time="20.566"/>
  <testcase classname="com.ust.testcases.BedsetDropDownTest" name="verifyLinksUnderBedsetDropDown" time="1.119"/>
</testsuite> <!-- com.ust.testcases.BedsetDropDownTest -->
