<?xml version="1.0" encoding="UTF-8"?>
<!-- Generated by org.testng.reporters.JUnitReportReporter -->
<testsuite hostname="K531LTRV" failures="0" tests="8" name="com.ust.testcases.user.LoginTest" time="56.615" errors="0" timestamp="2024-06-25T23:14:18 IST" skipped="0">
  <testcase classname="com.ust.testcases.user.LoginTest" name="verifyPositiveLogin" time="8.485"/>
  <testcase classname="com.ust.testcases.user.LoginTest" name="verifyPositiveLogin" time="7.333"/>
  <testcase classname="com.ust.testcases.user.LoginTest" name="verifyNavigateToLoginPage" time="22.808"/>
  <testcase classname="com.ust.testcases.user.LoginTest" name="verifyPositiveLogin" time="6.975"/>
  <testcase classname="com.ust.testcases.user.LoginTest" name="verifyNegativeLogin" time="2.616"/>
  <testcase classname="com.ust.testcases.user.LoginTest" name="verifyNegativeLogin" time="2.164"/>
  <testcase classname="com.ust.testcases.user.LoginTest" name="verifyNegativeLogin" time="2.936"/>
  <testcase classname="com.ust.testcases.user.LoginTest" name="guestLogin" time="3.298"/>
</testsuite> <!-- com.ust.testcases.user.LoginTest -->
