<?xml version="1.0" encoding="UTF-8"?>
<!-- Generated by org.testng.reporters.JUnitReportReporter -->
<testsuite hostname="K531LTRV" failures="0" tests="3" name="com.ust.testcases.forms.InstitutionalEnquiryTest" time="31.362" errors="0" timestamp="2024-06-25T23:14:18 IST" skipped="0">
  <testcase classname="com.ust.testcases.forms.InstitutionalEnquiryTest" name="verifyNavigatetoForm" time="23.660"/>
  <testcase classname="com.ust.testcases.forms.InstitutionalEnquiryTest" name="verifyBlankForm" time="0.682"/>
  <testcase classname="com.ust.testcases.forms.InstitutionalEnquiryTest" name="verifyInstitutionalFormSubmission" time="7.020"/>
</testsuite> <!-- com.ust.testcases.forms.InstitutionalEnquiryTest -->
