<?xml version="1.0" encoding="UTF-8"?>
<!-- Generated by org.testng.reporters.JUnitReportReporter -->
<testsuite hostname="K531LTRV" failures="0" tests="5" name="com.ust.testcases.CallBackTest" time="27.450" errors="0" timestamp="2024-06-07T14:04:54 IST" skipped="0">
  <testcase classname="com.ust.testcases.CallBackTest" name="setUp" time="14.637"/>
  <testcase classname="com.ust.testcases.CallBackTest" name="verifyBlank" time="0.043"/>
  <testcase classname="com.ust.testcases.CallBackTest" name="verifyDetailsSubmission" time="3.420"/>
  <testcase classname="com.ust.testcases.CallBackTest" name="verifyDetailsSubmission" time="5.794"/>
  <testcase classname="com.ust.testcases.CallBackTest" name="verifyDetailsSubmission" time="3.556"/>
</testsuite> <!-- com.ust.testcases.CallBackTest -->
