<?xml version="1.0" encoding="UTF-8"?>
<!-- Generated by org.testng.reporters.JUnitReportReporter -->
<testsuite hostname="K531LTRV" failures="0" tests="2" name="com.ust.testcases.dropdown.BedsetDropDownTest" time="19.143" errors="0" timestamp="2024-06-13T12:18:26 IST" skipped="0">
  <testcase classname="com.ust.testcases.dropdown.BedsetDropDownTest" name="verifyBedsetDropdownClicking" time="18.875"/>
  <testcase classname="com.ust.testcases.dropdown.BedsetDropDownTest" name="verifyLinksUnderBedsetDropDown" time="0.268"/>
</testsuite> <!-- com.ust.testcases.dropdown.BedsetDropDownTest -->
