<?xml version="1.0" encoding="UTF-8"?>
<!-- Generated by org.testng.reporters.JUnitReportReporter -->
<testsuite hostname="K531LTRV" failures="0" tests="14" name="com.ust.runner.CucumberRunner" time="495.959" errors="0" timestamp="2024-06-25T23:14:18 IST" skipped="0">
  <testcase classname="com.ust.runner.CucumberRunner" name="runScenario" time="36.785"/>
  <testcase classname="com.ust.runner.CucumberRunner" name="runScenario" time="39.246"/>
  <testcase classname="com.ust.runner.CucumberRunner" name="runScenario" time="37.394"/>
  <testcase classname="com.ust.runner.CucumberRunner" name="runScenario" time="38.753"/>
  <testcase classname="com.ust.runner.CucumberRunner" name="runScenario" time="34.945"/>
  <testcase classname="com.ust.runner.CucumberRunner" name="runScenario" time="28.877"/>
  <testcase classname="com.ust.runner.CucumberRunner" name="runScenario" time="50.018"/>
  <testcase classname="com.ust.runner.CucumberRunner" name="runScenario" time="33.017"/>
  <testcase classname="com.ust.runner.CucumberRunner" name="runScenario" time="30.633"/>
  <testcase classname="com.ust.runner.CucumberRunner" name="runScenario" time="41.691"/>
  <testcase classname="com.ust.runner.CucumberRunner" name="runScenario" time="32.461"/>
  <testcase classname="com.ust.runner.CucumberRunner" name="runScenario" time="38.381"/>
  <testcase classname="com.ust.runner.CucumberRunner" name="runScenario" time="26.798"/>
  <testcase classname="com.ust.runner.CucumberRunner" name="runScenario" time="26.960"/>
</testsuite> <!-- com.ust.runner.CucumberRunner -->
