<?xml version="1.0" encoding="UTF-8"?>
<!-- Generated by org.testng.reporters.JUnitReportReporter -->
<testsuite hostname="K531LTRV" failures="0" tests="6" name="com.ust.testcases.dropdown.MattressDropDownTest" time="21.106" errors="0" timestamp="2024-06-25T23:14:18 IST" skipped="0">
  <testcase classname="com.ust.testcases.dropdown.MattressDropDownTest" name="verifyMattressDropdownClicking" time="19.867"/>
  <testcase classname="com.ust.testcases.dropdown.MattressDropDownTest" name="verifyLinksUnderShopByNeed" time="0.262"/>
  <testcase classname="com.ust.testcases.dropdown.MattressDropDownTest" name="verifyLinksUnderShopByUser" time="0.299"/>
  <testcase classname="com.ust.testcases.dropdown.MattressDropDownTest" name="verifyLinksUnderShopByTech" time="0.218"/>
  <testcase classname="com.ust.testcases.dropdown.MattressDropDownTest" name="verifyMattressDropdownShopByPrice" time="0.208"/>
  <testcase classname="com.ust.testcases.dropdown.MattressDropDownTest" name="verifyMattressDropdownShopBySize" time="0.252"/>
</testsuite> <!-- com.ust.testcases.dropdown.MattressDropDownTest -->
