<?xml version="1.0" encoding="UTF-8"?>
<!-- Generated by org.testng.reporters.JUnitReportReporter -->
<testsuite hostname="K531LTRV" failures="0" tests="1" name="com.ust.testcases.HomeTest" time="15.062" errors="0" timestamp="2024-06-06T21:50:52 IST" skipped="0">
  <testcase classname="com.ust.testcases.HomeTest" name="testclick" time="15.062"/>
</testsuite> <!-- com.ust.testcases.HomeTest -->
