<?xml version="1.0" encoding="UTF-8"?>
<!-- Generated by org.testng.reporters.JUnitReportReporter -->
<testsuite hostname="K531LTRV" failures="0" tests="8" name="com.ust.testcases.LoginTest" time="43.888" errors="0" timestamp="2024-06-10T00:36:42 IST" skipped="0">
  <testcase classname="com.ust.testcases.LoginTest" name="verifyNavigateToLoginPage" time="14.946"/>
  <testcase classname="com.ust.testcases.LoginTest" name="verifyposLogin" time="6.561"/>
  <testcase classname="com.ust.testcases.LoginTest" name="verifyposLogin" time="6.507"/>
  <testcase classname="com.ust.testcases.LoginTest" name="verifyposLogin" time="6.619"/>
  <testcase classname="com.ust.testcases.LoginTest" name="verifynegLogin" time="2.644"/>
  <testcase classname="com.ust.testcases.LoginTest" name="verifynegLogin" time="1.926"/>
  <testcase classname="com.ust.testcases.LoginTest" name="verifynegLogin" time="2.067"/>
  <testcase classname="com.ust.testcases.LoginTest" name="guestLogin" time="2.618"/>
</testsuite> <!-- com.ust.testcases.LoginTest -->
