<?xml version="1.0" encoding="UTF-8"?>
<!-- Generated by org.testng.reporters.JUnitReportReporter -->
<testsuite hostname="K531LTRV" failures="0" tests="2" name="com.ust.testcases.dropdown.MyAccountDropDownTest" time="19.965" errors="0" timestamp="2024-06-25T23:14:18 IST" skipped="0">
  <testcase classname="com.ust.testcases.dropdown.MyAccountDropDownTest" name="verifyMyAccountDropdownClicking" time="19.821"/>
  <testcase classname="com.ust.testcases.dropdown.MyAccountDropDownTest" name="verifyLinksUnderMyAccount" time="0.144"/>
</testsuite> <!-- com.ust.testcases.dropdown.MyAccountDropDownTest -->
