<?xml version="1.0" encoding="UTF-8"?>
<!-- Generated by org.testng.reporters.JUnitReportReporter -->
<testsuite hostname="K531LTRV" failures="0" tests="4" name="com.ust.testcases.BedsetsTest" time="116.317" errors="0" timestamp="2024-06-12T10:48:16 IST" skipped="0">
  <testcase classname="com.ust.testcases.BedsetsTest" name="verifyAllMattressPage" time="81.952"/>
  <testcase classname="com.ust.testcases.BedsetsTest" name="verifyLuxiaCollectionsPage" time="12.513"/>
  <testcase classname="com.ust.testcases.BedsetsTest" name="verifySatinelleCollectionsPage" time="13.060"/>
  <testcase classname="com.ust.testcases.BedsetsTest" name="verifySplendeCollectionsPage" time="8.792"/>
</testsuite> <!-- com.ust.testcases.BedsetsTest -->
