<?xml version="1.0" encoding="UTF-8"?>
<!-- Generated by org.testng.reporters.JUnitReportReporter -->
<testsuite hostname="K531LTRV" failures="0" tests="5" name="com.ust.testcases.mattresses.MattressFilterTest" time="55.831" errors="0" timestamp="2024-06-25T23:14:18 IST" skipped="0">
  <testcase classname="com.ust.testcases.mattresses.MattressFilterTest" name="verifyNeedBased" time="25.222"/>
  <testcase classname="com.ust.testcases.mattresses.MattressFilterTest" name="verifyUserBased" time="6.402"/>
  <testcase classname="com.ust.testcases.mattresses.MattressFilterTest" name="verifyTechBased" time="7.104"/>
  <testcase classname="com.ust.testcases.mattresses.MattressFilterTest" name="verifyPriceBased" time="7.046"/>
  <testcase classname="com.ust.testcases.mattresses.MattressFilterTest" name="verifySizeBased" time="10.057"/>
</testsuite> <!-- com.ust.testcases.mattresses.MattressFilterTest -->
