<?xml version="1.0" encoding="UTF-8"?>
<!-- Generated by org.testng.reporters.JUnitReportReporter -->
<testsuite hostname="K531LTRV" failures="0" tests="6" name="com.ust.testcases.general.CartTest" time="72.636" errors="0" timestamp="2024-06-25T23:14:18 IST" skipped="0">
  <testcase classname="com.ust.testcases.general.CartTest" name="navigateToReversibleMattressPage" time="22.425"/>
  <testcase classname="com.ust.testcases.general.CartTest" name="verifyProductAdding" time="17.351"/>
  <testcase classname="com.ust.testcases.general.CartTest" name="verifyNavigatetoCartPage" time="3.752"/>
  <testcase classname="com.ust.testcases.general.CartTest" name="verifyDeletingProductFromCart" time="20.759"/>
  <testcase classname="com.ust.testcases.general.CartTest" name="verifyAddingandRemovingQuantityofSelected" time="4.244"/>
  <testcase classname="com.ust.testcases.general.CartTest" name="verifyNavigatetoCheckoutPage" time="4.105"/>
</testsuite> <!-- com.ust.testcases.general.CartTest -->
