<?xml version="1.0" encoding="UTF-8"?>
<!-- Generated by org.testng.reporters.JUnitReportReporter -->
<testsuite hostname="K531LTRV" failures="0" tests="2" name="com.ust.testcases.MyAccountDropDownTest" time="11.619" errors="0" timestamp="2024-06-11T14:59:20 IST" skipped="0">
  <testcase classname="com.ust.testcases.MyAccountDropDownTest" name="verifyMyAccountDropdownClicking" time="11.198"/>
  <testcase classname="com.ust.testcases.MyAccountDropDownTest" name="verifyLinksUnderMyAccount" time="0.421"/>
</testsuite> <!-- com.ust.testcases.MyAccountDropDownTest -->
