<?xml version="1.0" encoding="UTF-8"?>
<!-- Generated by org.testng.reporters.JUnitReportReporter -->
<testsuite hostname="K531LTRV" failures="0" tests="6" name="com.ust.testcases.MattressDropDownTest" time="23.680" errors="0" timestamp="2024-06-11T14:43:02 IST" skipped="0">
  <testcase classname="com.ust.testcases.MattressDropDownTest" name="verifyMattressDropdownClicking" time="21.832"/>
  <testcase classname="com.ust.testcases.MattressDropDownTest" name="verifyLinksUnderShopByNeed" time="0.396"/>
  <testcase classname="com.ust.testcases.MattressDropDownTest" name="verifyLinksUnderShopByUser" time="0.419"/>
  <testcase classname="com.ust.testcases.MattressDropDownTest" name="verifyLinksUnderShopByTech" time="0.397"/>
  <testcase classname="com.ust.testcases.MattressDropDownTest" name="verifyMattressDropdownShopByPrice" time="0.336"/>
  <testcase classname="com.ust.testcases.MattressDropDownTest" name="verifyMattressDropdownShopBySize" time="0.300"/>
</testsuite> <!-- com.ust.testcases.MattressDropDownTest -->
