<?xml version="1.0" encoding="UTF-8"?>
<!-- Generated by org.testng.reporters.JUnitReportReporter -->
<testsuite hostname="K531LTRV" failures="0" tests="5" name="com.ust.testcases.PalceOrderTest" time="24.471" errors="0" timestamp="2024-06-07T22:23:13 IST" skipped="0">
  <testcase classname="com.ust.testcases.PalceOrderTest" name="setUp" time="5.306"/>
  <testcase classname="com.ust.testcases.PalceOrderTest" name="guestUserPlaceOrder" time="0.030"/>
  <testcase classname="com.ust.testcases.PalceOrderTest" name="navigateToCozySnug" time="4.753"/>
  <testcase classname="com.ust.testcases.PalceOrderTest" name="verifyCheckout" time="6.881"/>
  <testcase classname="com.ust.testcases.PalceOrderTest" name="existUserPlaceOrder" time="7.501"/>
</testsuite> <!-- com.ust.testcases.PalceOrderTest -->
