<?xml version="1.0" encoding="UTF-8"?>
<!-- Generated by org.testng.reporters.JUnitReportReporter -->
<testsuite hostname="K531LTRV" failures="0" tests="4" name="com.ust.testcases.general.SocialMediaLinkTest" time="42.311" errors="0" timestamp="2024-06-25T23:14:18 IST" skipped="0">
  <testcase classname="com.ust.testcases.general.SocialMediaLinkTest" name="verifyFacebookLink" time="22.425"/>
  <testcase classname="com.ust.testcases.general.SocialMediaLinkTest" name="verifyInstagramLink" time="4.322"/>
  <testcase classname="com.ust.testcases.general.SocialMediaLinkTest" name="verifyYoutubeLink" time="10.438"/>
  <testcase classname="com.ust.testcases.general.SocialMediaLinkTest" name="verifyTwitterLink" time="5.126"/>
</testsuite> <!-- com.ust.testcases.general.SocialMediaLinkTest -->
