<?xml version="1.0" encoding="UTF-8"?>
<!-- Generated by org.testng.reporters.JUnitReportReporter -->
<testsuite hostname="K531LTRV" failures="0" tests="3" name="com.ust.testcases.InstitutionalEnquiryTest" time="18.302" errors="0" timestamp="2024-06-10T00:36:42 IST" skipped="0">
  <testcase classname="com.ust.testcases.InstitutionalEnquiryTest" name="verifyNavigatetoForm" time="11.339"/>
  <testcase classname="com.ust.testcases.InstitutionalEnquiryTest" name="verifyBlankForm" time="0.638"/>
  <testcase classname="com.ust.testcases.InstitutionalEnquiryTest" name="verifyForm" time="6.325"/>
</testsuite> <!-- com.ust.testcases.InstitutionalEnquiryTest -->
