<?xml version="1.0" encoding="UTF-8"?>
<!-- Generated by org.testng.reporters.JUnitReportReporter -->
<testsuite hostname="K531LTRV" failures="0" tests="3" name="com.ust.testcases.user.RegistrationTest" time="26.432" errors="0" timestamp="2024-06-25T23:14:18 IST" skipped="1">
  <testcase classname="com.ust.testcases.user.RegistrationTest" name="verifyNavigateToRegistrationPage" time="26.374"/>
  <testcase classname="com.ust.testcases.user.RegistrationTest" name="verifyBlankFormSubmission" time="0.058"/>
  <testcase classname="com.ust.testcases.user.RegistrationTest" name="verifyFormSubmission">
    <skipped/>
  </testcase> <!-- verifyFormSubmission -->
</testsuite> <!-- com.ust.testcases.user.RegistrationTest -->
