<?xml version="1.0" encoding="UTF-8"?>
<!-- Generated by org.testng.reporters.JUnitReportReporter -->
<testsuite hostname="K531LTRV" failures="0" tests="3" name="com.ust.testcases.general.SearchTest" time="27.382" errors="0" timestamp="2024-06-25T23:14:18 IST" skipped="0">
  <testcase classname="com.ust.testcases.general.SearchTest" name="verifyBlankSearch" time="20.872"/>
  <testcase classname="com.ust.testcases.general.SearchTest" name="verifySearchResult" time="2.839"/>
  <testcase classname="com.ust.testcases.general.SearchTest" name="verifyPartialMatchSearchResult" time="3.671"/>
</testsuite> <!-- com.ust.testcases.general.SearchTest -->
