<?xml version="1.0" encoding="UTF-8"?>
<!-- Generated by org.testng.reporters.JUnitReportReporter -->
<testsuite hostname="K531LTRV" failures="0" tests="2" name="com.ust.testcases.navigation.FaqTest" time="22.609" errors="0" timestamp="2024-06-25T23:14:18 IST" skipped="0">
  <testcase classname="com.ust.testcases.navigation.FaqTest" name="verifyNavigateToFAQ" time="22.530"/>
  <testcase classname="com.ust.testcases.navigation.FaqTest" name="verifyFaqWelcomeText" time="0.079"/>
</testsuite> <!-- com.ust.testcases.navigation.FaqTest -->
