<?xml version="1.0" encoding="UTF-8"?>
<!-- Generated by org.testng.reporters.JUnitReportReporter -->
<testsuite hostname="K531LTRV" failures="0" tests="2" name="com.ust.testcases.MyProfileTest" time="26.030" errors="0" timestamp="2024-06-10T00:36:42 IST" skipped="0">
  <testcase classname="com.ust.testcases.MyProfileTest" name="verifyMyProfile" time="19.389"/>
  <testcase classname="com.ust.testcases.MyProfileTest" name="verifyMyProfileLoggedIn" time="6.641"/>
</testsuite> <!-- com.ust.testcases.MyProfileTest -->
