<?xml version="1.0" encoding="UTF-8"?>
<!-- Generated by org.testng.reporters.JUnitReportReporter -->
<testsuite hostname="K531LTRV" failures="0" tests="2" name="com.ust.testcases.FaqTest" time="9.418" errors="0" timestamp="2024-06-10T00:36:42 IST" skipped="0">
  <testcase classname="com.ust.testcases.FaqTest" name="verifyNavigateToFAQ" time="9.372"/>
  <testcase classname="com.ust.testcases.FaqTest" name="verifyFaqWelcomeText" time="0.046"/>
</testsuite> <!-- com.ust.testcases.FaqTest -->
